<?xml version="1.0" encoding="UTF-8"?>
<!-- Generated by org.testng.reporters.JUnitReportReporter -->
<testsuite skipped="0" hostname="Ty-Deepak-Tr" name="com.autodesk.crm.conatcttest.ContactTest" tests="1" failures="0" timestamp="2020-10-19T13:46:47 IST" time="0.016" errors="0">
  <testcase name="createContactTest" time="0.016" classname="com.autodesk.crm.conatcttest.ContactTest"/>
  <system-out/>
</testsuite> <!-- com.autodesk.crm.conatcttest.ContactTest -->
